<?xml version="1.0" encoding="UTF-8"?>
<!-- Generated by org.testng.reporters.JUnitReportReporter -->
<testsuite hostname="DESKTOP-OCCUBGQ" failures="0" tests="2" name="TestPack.Case1" time="52.027" errors="0" timestamp="2024-09-19T13:17:33 IST" skipped="1">
  <testcase classname="TestPack.Case1" name="URLhit" time="52.027"/>
  <testcase classname="TestPack.Case1" name="Enableme">
    <skipped/>
  </testcase> <!-- Enableme -->
</testsuite> <!-- TestPack.Case1 -->
